Build started 14-Apr-15 5:38:41 PM.
     1>Project "C:\Users\Mark Tempini\Desktop\gp1submission\Mark-Tempini-GP1-Submission\MTEMPI200 - GP1 Project files\Games Programming\Games Programming.vcxproj" on node 2 (Build target(s)).
     1>ClCompile:
         C:\Program Files (x86)\Microsoft Visual Studio 12.0\VC\bin\CL.exe /c /ZI /nologo /W3 /WX- /sdl /Od /Oy- /D _MBCS /Gm /EHsc /RTC1 /MDd /GS /fp:precise /Zc:wchar_t /Zc:forScope /Fo"Debug\\" /Fd"Debug\vc120.pdb" /Gd /TP /analyze- /errorReport:prompt invadersGame.cpp cInvader.cpp cBkGround.cpp cBullet.cpp cFont.cpp cFontMgr.cpp cInputMgr.cpp cRocket.cpp cSound.cpp cSoundMgr.cpp cSprite.cpp cTexture.cpp cWNDManager.cpp main.cpp sceneMgr.cpp windowOGL.cpp
         windowOGL.cpp
         sceneMgr.cpp
     1>c:\users\mark tempini\desktop\gp1submission\mark-tempini-gp1-submission\mtempi200 - gp1 project files\games programming\scenemgr.cpp(158): warning C4244: 'argument' : conversion from 'double' to 'float', possible loss of data
     1>c:\users\mark tempini\desktop\gp1submission\mark-tempini-gp1-submission\mtempi200 - gp1 project files\games programming\scenemgr.cpp(171): warning C4244: 'argument' : conversion from 'double' to 'float', possible loss of data
     1>c:\users\mark tempini\desktop\gp1submission\mark-tempini-gp1-submission\mtempi200 - gp1 project files\games programming\scenemgr.cpp(203): warning C4244: 'argument' : conversion from 'double' to 'float', possible loss of data
         main.cpp
         cWNDManager.cpp
         cTexture.cpp
         cSprite.cpp
     1>c:\users\mark tempini\desktop\gp1submission\mark-tempini-gp1-submission\mtempi200 - gp1 project files\games programming\csprite.cpp(106): warning C4244: '=' : conversion from 'int' to 'float', possible loss of data
     1>c:\users\mark tempini\desktop\gp1submission\mark-tempini-gp1-submission\mtempi200 - gp1 project files\games programming\csprite.cpp(107): warning C4244: '=' : conversion from 'int' to 'float', possible loss of data
     1>c:\users\mark tempini\desktop\gp1submission\mark-tempini-gp1-submission\mtempi200 - gp1 project files\games programming\csprite.cpp(161): warning C4244: 'argument' : conversion from 'int' to 'GLfloat', possible loss of data
     1>c:\users\mark tempini\desktop\gp1submission\mark-tempini-gp1-submission\mtempi200 - gp1 project files\games programming\csprite.cpp(163): warning C4244: 'argument' : conversion from 'int' to 'GLfloat', possible loss of data
     1>c:\users\mark tempini\desktop\gp1submission\mark-tempini-gp1-submission\mtempi200 - gp1 project files\games programming\csprite.cpp(165): warning C4244: 'argument' : conversion from 'int' to 'GLfloat', possible loss of data
     1>c:\users\mark tempini\desktop\gp1submission\mark-tempini-gp1-submission\mtempi200 - gp1 project files\games programming\csprite.cpp(187): warning C4244: '=' : conversion from 'int' to 'float', possible loss of data
     1>c:\users\mark tempini\desktop\gp1submission\mark-tempini-gp1-submission\mtempi200 - gp1 project files\games programming\csprite.cpp(222): warning C4244: '=' : conversion from 'float' to 'LONG', possible loss of data
     1>c:\users\mark tempini\desktop\gp1submission\mark-tempini-gp1-submission\mtempi200 - gp1 project files\games programming\csprite.cpp(223): warning C4244: '=' : conversion from 'float' to 'LONG', possible loss of data
     1>c:\users\mark tempini\desktop\gp1submission\mark-tempini-gp1-submission\mtempi200 - gp1 project files\games programming\csprite.cpp(224): warning C4244: '=' : conversion from 'float' to 'LONG', possible loss of data
     1>c:\users\mark tempini\desktop\gp1submission\mark-tempini-gp1-submission\mtempi200 - gp1 project files\games programming\csprite.cpp(225): warning C4244: '=' : conversion from 'float' to 'LONG', possible loss of data
     1>c:\users\mark tempini\desktop\gp1submission\mark-tempini-gp1-submission\mtempi200 - gp1 project files\games programming\csprite.cpp(282): warning C4244: 'argument' : conversion from 'LONG' to 'GLfloat', possible loss of data
     1>c:\users\mark tempini\desktop\gp1submission\mark-tempini-gp1-submission\mtempi200 - gp1 project files\games programming\csprite.cpp(294): warning C4244: 'argument' : conversion from 'int' to 'GLfloat', possible loss of data
     1>c:\users\mark tempini\desktop\gp1submission\mark-tempini-gp1-submission\mtempi200 - gp1 project files\games programming\csprite.cpp(295): warning C4244: 'argument' : conversion from 'int' to 'GLfloat', possible loss of data
     1>c:\users\mark tempini\desktop\gp1submission\mark-tempini-gp1-submission\mtempi200 - gp1 project files\games programming\csprite.cpp(296): warning C4244: 'argument' : conversion from 'int' to 'GLfloat', possible loss of data
         cSoundMgr.cpp
         cSound.cpp
         cRocket.cpp
     1>c:\users\mark tempini\desktop\gp1submission\mark-tempini-gp1-submission\mtempi200 - gp1 project files\games programming\crocket.cpp(23): warning C4244: 'argument' : conversion from 'int' to 'GLfloat', possible loss of data
     1>c:\users\mark tempini\desktop\gp1submission\mark-tempini-gp1-submission\mtempi200 - gp1 project files\games programming\crocket.cpp(25): warning C4244: 'argument' : conversion from 'int' to 'GLfloat', possible loss of data
     1>c:\users\mark tempini\desktop\gp1submission\mark-tempini-gp1-submission\mtempi200 - gp1 project files\games programming\crocket.cpp(27): warning C4244: 'argument' : conversion from 'int' to 'GLfloat', possible loss of data
     1>c:\users\mark tempini\desktop\gp1submission\mark-tempini-gp1-submission\mtempi200 - gp1 project files\games programming\crocket.cpp(29): warning C4244: 'argument' : conversion from 'int' to 'GLfloat', possible loss of data
         cInputMgr.cpp
         cFontMgr.cpp
         cFont.cpp
         cBullet.cpp
     1>c:\users\mark tempini\desktop\gp1submission\mark-tempini-gp1-submission\mtempi200 - gp1 project files\games programming\cbullet.cpp(24): warning C4244: 'argument' : conversion from 'int' to 'GLfloat', possible loss of data
     1>c:\users\mark tempini\desktop\gp1submission\mark-tempini-gp1-submission\mtempi200 - gp1 project files\games programming\cbullet.cpp(26): warning C4244: 'argument' : conversion from 'int' to 'GLfloat', possible loss of data
     1>c:\users\mark tempini\desktop\gp1submission\mark-tempini-gp1-submission\mtempi200 - gp1 project files\games programming\cbullet.cpp(28): warning C4244: 'argument' : conversion from 'int' to 'GLfloat', possible loss of data
     1>c:\users\mark tempini\desktop\gp1submission\mark-tempini-gp1-submission\mtempi200 - gp1 project files\games programming\cbullet.cpp(30): warning C4244: 'argument' : conversion from 'int' to 'GLfloat', possible loss of data
     1>c:\users\mark tempini\desktop\gp1submission\mark-tempini-gp1-submission\mtempi200 - gp1 project files\games programming\cbullet.cpp(82): warning C4244: 'argument' : conversion from 'LONG' to 'GLfloat', possible loss of data
     1>c:\users\mark tempini\desktop\gp1submission\mark-tempini-gp1-submission\mtempi200 - gp1 project files\games programming\cbullet.cpp(93): warning C4244: 'argument' : conversion from 'LONG' to 'GLfloat', possible loss of data
     1>c:\users\mark tempini\desktop\gp1submission\mark-tempini-gp1-submission\mtempi200 - gp1 project files\games programming\cbullet.cpp(94): warning C4244: 'argument' : conversion from 'LONG' to 'GLfloat', possible loss of data
     1>c:\users\mark tempini\desktop\gp1submission\mark-tempini-gp1-submission\mtempi200 - gp1 project files\games programming\cbullet.cpp(95): warning C4244: 'argument' : conversion from 'LONG' to 'GLfloat', possible loss of data
     1>c:\users\mark tempini\desktop\gp1submission\mark-tempini-gp1-submission\mtempi200 - gp1 project files\games programming\cbullet.cpp(96): warning C4244: 'argument' : conversion from 'LONG' to 'GLfloat', possible loss of data
         cBkGround.cpp
         cInvader.cpp
     1>c:\users\mark tempini\desktop\gp1submission\mark-tempini-gp1-submission\mtempi200 - gp1 project files\games programming\cinvader.cpp(25): warning C4244: 'argument' : conversion from 'int' to 'GLfloat', possible loss of data
     1>c:\users\mark tempini\desktop\gp1submission\mark-tempini-gp1-submission\mtempi200 - gp1 project files\games programming\cinvader.cpp(27): warning C4244: 'argument' : conversion from 'int' to 'GLfloat', possible loss of data
     1>c:\users\mark tempini\desktop\gp1submission\mark-tempini-gp1-submission\mtempi200 - gp1 project files\games programming\cinvader.cpp(29): warning C4244: 'argument' : conversion from 'int' to 'GLfloat', possible loss of data
     1>c:\users\mark tempini\desktop\gp1submission\mark-tempini-gp1-submission\mtempi200 - gp1 project files\games programming\cinvader.cpp(31): warning C4244: 'argument' : conversion from 'int' to 'GLfloat', possible loss of data
     1>c:\users\mark tempini\desktop\gp1submission\mark-tempini-gp1-submission\mtempi200 - gp1 project files\games programming\cinvader.cpp(101): warning C4244: 'argument' : conversion from 'LONG' to 'GLfloat', possible loss of data
     1>c:\users\mark tempini\desktop\gp1submission\mark-tempini-gp1-submission\mtempi200 - gp1 project files\games programming\cinvader.cpp(112): warning C4244: 'argument' : conversion from 'LONG' to 'GLfloat', possible loss of data
     1>c:\users\mark tempini\desktop\gp1submission\mark-tempini-gp1-submission\mtempi200 - gp1 project files\games programming\cinvader.cpp(113): warning C4244: 'argument' : conversion from 'LONG' to 'GLfloat', possible loss of data
     1>c:\users\mark tempini\desktop\gp1submission\mark-tempini-gp1-submission\mtempi200 - gp1 project files\games programming\cinvader.cpp(114): warning C4244: 'argument' : conversion from 'LONG' to 'GLfloat', possible loss of data
     1>c:\users\mark tempini\desktop\gp1submission\mark-tempini-gp1-submission\mtempi200 - gp1 project files\games programming\cinvader.cpp(115): warning C4244: 'argument' : conversion from 'LONG' to 'GLfloat', possible loss of data
         invadersGame.cpp
         Generating Code...
       Link:
         C:\Program Files (x86)\Microsoft Visual Studio 12.0\VC\bin\link.exe /ERRORREPORT:PROMPT /OUT:"C:\Users\Mark Tempini\Desktop\gp1submission\Mark-Tempini-GP1-Submission\MTEMPI200 - GP1 Project files\Debug\Games Programming.exe" /INCREMENTAL /NOLOGO kernel32.lib user32.lib gdi32.lib winspool.lib comdlg32.lib advapi32.lib shell32.lib ole32.lib oleaut32.lib uuid.lib odbc32.lib odbccp32.lib /MANIFEST /MANIFESTUAC:"level='asInvoker' uiAccess='false'" /manifest:embed /DEBUG /PDB:"C:\Users\Mark Tempini\Desktop\gp1submission\Mark-Tempini-GP1-Submission\MTEMPI200 - GP1 Project files\Debug\Games Programming.pdb" /TLBID:1 /DYNAMICBASE /NXCOMPAT /IMPLIB:"C:\Users\Mark Tempini\Desktop\gp1submission\Mark-Tempini-GP1-Submission\MTEMPI200 - GP1 Project files\Debug\Games Programming.lib" /MACHINE:X86 Debug\invadersGame.obj
         Debug\cInvader.obj
         Debug\cBkGround.obj
         Debug\cBullet.obj
         Debug\cFont.obj
         Debug\cFontMgr.obj
         Debug\cInputMgr.obj
         Debug\cRocket.obj
         Debug\cSound.obj
         Debug\cSoundMgr.obj
         Debug\cSprite.obj
         Debug\cTexture.obj
         Debug\cWNDManager.obj
         Debug\main.obj
         Debug\sceneMgr.obj
         Debug\windowOGL.obj
         Libraries\alut.lib
         Libraries\DevIL.lib
         Libraries\freeglut.lib
         Libraries\ftgl.lib
         Libraries\glew32.lib
         Libraries\glew32s.lib
         Libraries\ILU.lib
         Libraries\ILUT.lib
         Libraries\OpenAL32.lib
         LINK : C:\Users\Mark Tempini\Desktop\gp1submission\Mark-Tempini-GP1-Submission\MTEMPI200 - GP1 Project files\Debug\Games Programming.exe not found or not built by the last incremental link; performing full link
         Games Programming.vcxproj -> C:\Users\Mark Tempini\Desktop\gp1submission\Mark-Tempini-GP1-Submission\MTEMPI200 - GP1 Project files\Debug\Games Programming.exe
     1>Done Building Project "C:\Users\Mark Tempini\Desktop\gp1submission\Mark-Tempini-GP1-Submission\MTEMPI200 - GP1 Project files\Games Programming\Games Programming.vcxproj" (Build target(s)).

Build succeeded.

Time Elapsed 00:00:13.92
